#
# There is insufficient memory for the Java Runtime Environment to continue.
# Native memory allocation (mmap) failed to map 767557632 bytes for G1 virtual space
# Possible reasons:
#   The system is out of physical RAM or swap space
#   The process is running with CompressedOops enabled, and the Java Heap may be blocking the growth of the native heap
# Possible solutions:
#   Reduce memory load on the system
#   Increase physical memory or swap space
#   Check if swap backing store is full
#   Decrease Java heap size (-Xmx/-Xms)
#   Decrease number of Java threads
#   Decrease Java thread stack sizes (-Xss)
#   Set larger code cache with -XX:ReservedCodeCacheSize=
#   JVM is running with Zero Based Compressed Oops mode in which the Java heap is
#     placed in the first 32GB address space. The Java Heap base address is the
#     maximum limit for the native heap growth. Please use -XX:HeapBaseMinAddress
#     to set the Java Heap base and to place the Java Heap above 32GB virtual address.
# This output file may be truncated or incomplete.
#
#  Out of Memory Error (os_windows.cpp:3769), pid=17180, tid=1804
#
# JRE version: OpenJDK Runtime Environment (17.0.6) (build 17.0.6+0-b2043.56-10027231)
# Java VM: OpenJDK 64-Bit Server VM (17.0.6+0-b2043.56-10027231, mixed mode, tiered, compressed oops, compressed class ptrs, g1 gc, windows-amd64)
# No core dump will be written. Minidumps are not enabled by default on client versions of Windows
#

---------------  S U M M A R Y ------------

Command Line: --add-opens=java.base/java.util=ALL-UNNAMED --add-opens=java.base/java.lang=ALL-UNNAMED --add-opens=java.base/java.lang.invoke=ALL-UNNAMED --add-opens=java.prefs/java.util.prefs=ALL-UNNAMED --add-opens=java.base/java.nio.charset=ALL-UNNAMED --add-opens=java.base/java.net=ALL-UNNAMED --add-opens=java.base/java.util.concurrent.atomic=ALL-UNNAMED -Xmx4608m -Dfile.encoding=UTF-8 -Duser.country=ID -Duser.language=id -Duser.variant -javaagent:C:\Users\LENOVO\.gradle\wrapper\dists\gradle-8.4-bin\1w5dpkrfk8irigvoxmyhowfim\gradle-8.4\lib\agents\gradle-instrumentation-agent-8.4.jar org.gradle.launcher.daemon.bootstrap.GradleDaemon 8.4

Host: AMD Ryzen 3 3250U with Radeon Graphics         , 4 cores, 3G,  Windows 11 , 64 bit Build 22621 (10.0.22621.2506)
Time: Sat Nov 18 20:05:51 2023 SE Asia Standard Time elapsed time: 442.474805 seconds (0d 0h 7m 22s)

---------------  T H R E A D  ---------------

Current thread (0x000001b472c407c0):  VMThread "VM Thread" [stack: 0x0000004cc3600000,0x0000004cc3700000] [id=1804]

Stack: [0x0000004cc3600000,0x0000004cc3700000]
Native frames: (J=compiled Java code, j=interpreted, Vv=VM code, C=native code)
V  [jvm.dll+0x683c9a]
V  [jvm.dll+0x8427a4]
V  [jvm.dll+0x843f9e]
V  [jvm.dll+0x844603]
V  [jvm.dll+0x249b75]
V  [jvm.dll+0x680b69]
V  [jvm.dll+0x67505a]
V  [jvm.dll+0x309acb]
V  [jvm.dll+0x310f86]
V  [jvm.dll+0x3608ee]
V  [jvm.dll+0x360b1f]
V  [jvm.dll+0x2dfbf8]
V  [jvm.dll+0x2ddec4]
V  [jvm.dll+0x2dd4cc]
V  [jvm.dll+0x321f3b]
V  [jvm.dll+0x848ccb]
V  [jvm.dll+0x849a04]
V  [jvm.dll+0x849f1d]
V  [jvm.dll+0x84a2f4]
V  [jvm.dll+0x84a3c0]
V  [jvm.dll+0x7f274a]
V  [jvm.dll+0x682ad5]
C  [ucrtbase.dll+0x29363]
C  [KERNEL32.DLL+0x1257d]
C  [ntdll.dll+0x5aa58]

VM_Operation (0x0000004cc6bf8d80): G1CollectForAllocation, mode: safepoint, requested by thread 0x000001b47b344bd0


---------------  P R O C E S S  ---------------

Threads class SMR info:
_java_thread_list=0x000001b4022dfbd0, length=78, elements={
0x000001b4537bf6d0, 0x000001b472c64030, 0x000001b472c64ea0, 0x000001b472c4f8a0,
0x000001b47380a180, 0x000001b47380cb40, 0x000001b47380d4f0, 0x000001b47380e280,
0x000001b472ca7890, 0x000001b472cae2e0, 0x000001b45387e670, 0x000001b473a6b020,
0x000001b474eb3930, 0x000001b473dd8a20, 0x000001b474fd60b0, 0x000001b474ce77b0,
0x000001b474301b90, 0x000001b474302530, 0x000001b4743033a0, 0x000001b474302a00,
0x000001b474300380, 0x000001b4743011f0, 0x000001b476474bd0, 0x000001b476475570,
0x000001b4764750a0, 0x000001b476474700, 0x000001b476472550, 0x000001b476475a40,
0x000001b476471bb0, 0x000001b47646fa00, 0x000001b47b345f10, 0x000001b47a9ff840,
0x000001b47a9fdb60, 0x000001b47a9fe030, 0x000001b47a9fe500, 0x000001b47a9ffd10,
0x000001b47aa019f0, 0x000001b47aa01ec0, 0x000001b47aa00b80, 0x000001b47aa01050,
0x000001b47aa01520, 0x000001b47aa02390, 0x000001b47aa02860, 0x000001b47b33f530,
0x000001b47b341210, 0x000001b47b345a40, 0x000001b47b33fa00, 0x000001b47b340d40,
0x000001b47b343d60, 0x000001b47b344700, 0x000001b47b33fed0, 0x000001b47b3403a0,
0x000001b47b341bb0, 0x000001b47b344bd0, 0x000001b47b3450a0, 0x000001b47b33f060,
0x000001b47b342ef0, 0x000001b47b3463e0, 0x000001b47b3468b0, 0x000001b47b3416e0,
0x000001b47b342550, 0x000001b47b274210, 0x000001b47b275ef0, 0x000001b47b275080,
0x000001b47b2746e0, 0x000001b47b273870, 0x000001b47b274bb0, 0x000001b47b275550,
0x000001b47b2733a0, 0x000001b47b275a20, 0x000001b47b277230, 0x000001b47b278570,
0x000001b47b278f10, 0x000001b47b2793e0, 0x000001b47b272060, 0x000001b47b276d60,
0x000001b47b0ce050, 0x000001b47b0ce520
}

Java Threads: ( => current thread )
  0x000001b4537bf6d0 JavaThread "main" [_thread_blocked, id=14896, stack(0x0000004cc3000000,0x0000004cc3100000)]
  0x000001b472c64030 JavaThread "Reference Handler" daemon [_thread_blocked, id=17764, stack(0x0000004cc3700000,0x0000004cc3800000)]
  0x000001b472c64ea0 JavaThread "Finalizer" daemon [_thread_blocked, id=8788, stack(0x0000004cc3800000,0x0000004cc3900000)]
  0x000001b472c4f8a0 JavaThread "Signal Dispatcher" daemon [_thread_blocked, id=16192, stack(0x0000004cc3900000,0x0000004cc3a00000)]
  0x000001b47380a180 JavaThread "Attach Listener" daemon [_thread_blocked, id=15732, stack(0x0000004cc3a00000,0x0000004cc3b00000)]
  0x000001b47380cb40 JavaThread "Service Thread" daemon [_thread_blocked, id=17788, stack(0x0000004cc3b00000,0x0000004cc3c00000)]
  0x000001b47380d4f0 JavaThread "Monitor Deflation Thread" daemon [_thread_blocked, id=12268, stack(0x0000004cc3c00000,0x0000004cc3d00000)]
  0x000001b47380e280 JavaThread "C2 CompilerThread0" daemon [_thread_blocked, id=10688, stack(0x0000004cc3d00000,0x0000004cc3e00000)]
  0x000001b472ca7890 JavaThread "C1 CompilerThread0" daemon [_thread_blocked, id=4532, stack(0x0000004cc3e00000,0x0000004cc3f00000)]
  0x000001b472cae2e0 JavaThread "Sweeper thread" daemon [_thread_blocked, id=16680, stack(0x0000004cc3f00000,0x0000004cc4000000)]
  0x000001b45387e670 JavaThread "Common-Cleaner" daemon [_thread_blocked, id=10428, stack(0x0000004cc4000000,0x0000004cc4100000)]
  0x000001b473a6b020 JavaThread "Notification Thread" daemon [_thread_blocked, id=4884, stack(0x0000004cc4100000,0x0000004cc4200000)]
  0x000001b474eb3930 JavaThread "Daemon health stats" [_thread_blocked, id=9744, stack(0x0000004cc4600000,0x0000004cc4700000)]
  0x000001b473dd8a20 JavaThread "Incoming local TCP Connector on port 62205" [_thread_in_native, id=3192, stack(0x0000004cc4700000,0x0000004cc4800000)]
  0x000001b474fd60b0 JavaThread "Daemon periodic checks" [_thread_blocked, id=14780, stack(0x0000004cc4800000,0x0000004cc4900000)]
  0x000001b474ce77b0 JavaThread "Daemon" [_thread_blocked, id=14180, stack(0x0000004cc4900000,0x0000004cc4a00000)]
  0x000001b474301b90 JavaThread "Daemon worker" [_thread_blocked, id=16152, stack(0x0000004cc4c00000,0x0000004cc4d00000)]
  0x000001b474302530 JavaThread "Cache worker for journal cache (C:\Users\LENOVO\.gradle\caches\journal-1)" [_thread_blocked, id=1016, stack(0x0000004cc5000000,0x0000004cc5100000)]
  0x000001b4743033a0 JavaThread "File lock request listener" [_thread_in_native, id=18320, stack(0x0000004cc5100000,0x0000004cc5200000)]
  0x000001b474302a00 JavaThread "Cache worker for file hash cache (C:\Users\LENOVO\.gradle\caches\8.4\fileHashes)" [_thread_blocked, id=16056, stack(0x0000004cc5200000,0x0000004cc5300000)]
  0x000001b474300380 JavaThread "File watcher server" daemon [_thread_blocked, id=2332, stack(0x0000004cc5300000,0x0000004cc5400000)]
  0x000001b4743011f0 JavaThread "File watcher consumer" daemon [_thread_blocked, id=10984, stack(0x0000004cc5400000,0x0000004cc5500000)]
  0x000001b476474bd0 JavaThread "Cache worker for file content cache (C:\Users\LENOVO\.gradle\caches\8.4\fileContent)" [_thread_blocked, id=7328, stack(0x0000004cc5800000,0x0000004cc5900000)]
  0x000001b476475570 JavaThread "Cache worker for execution history cache (C:\Users\LENOVO\.gradle\caches\8.4\executionHistory)" [_thread_blocked, id=10348, stack(0x0000004cc5a00000,0x0000004cc5b00000)]
  0x000001b4764750a0 JavaThread "jar transforms" [_thread_blocked, id=3252, stack(0x0000004cc5b00000,0x0000004cc5c00000)]
  0x000001b476474700 JavaThread "jar transforms Thread 2" [_thread_blocked, id=18408, stack(0x0000004cc5c00000,0x0000004cc5d00000)]
  0x000001b476472550 JavaThread "Cache worker for kotlin-dsl (C:\Users\LENOVO\.gradle\caches\8.4\kotlin-dsl)" [_thread_blocked, id=7112, stack(0x0000004cc5d00000,0x0000004cc5e00000)]
  0x000001b476475a40 JavaThread "jar transforms Thread 3" [_thread_blocked, id=15920, stack(0x0000004cc5e00000,0x0000004cc5f00000)]
  0x000001b476471bb0 JavaThread "jar transforms Thread 4" [_thread_blocked, id=3244, stack(0x0000004cc5f00000,0x0000004cc6000000)]
  0x000001b47646fa00 JavaThread "Memory manager" [_thread_blocked, id=14992, stack(0x0000004cc6700000,0x0000004cc6800000)]
  0x000001b47b345f10 JavaThread "pool-3-thread-1" [_thread_blocked, id=15104, stack(0x0000004cc4e00000,0x0000004cc4f00000)]
  0x000001b47a9ff840 JavaThread "RMI Scheduler(0)" daemon [_thread_blocked, id=13448, stack(0x0000004cc9700000,0x0000004cc9800000)]
  0x000001b47a9fdb60 JavaThread "RMI GC Daemon" daemon [_thread_blocked, id=12264, stack(0x0000004cc9900000,0x0000004cc9a00000)]
  0x000001b47a9fe030 JavaThread "RMI TCP Accept-0" daemon [_thread_in_native, id=18112, stack(0x0000004cc9a00000,0x0000004cc9b00000)]
  0x000001b47a9fe500 JavaThread "RMI Reaper" [_thread_blocked, id=15604, stack(0x0000004cc9b00000,0x0000004cc9c00000)]
  0x000001b47a9ffd10 JavaThread "Handler for socket connection from /127.0.0.1:62205 to /127.0.0.1:62296" [_thread_in_native, id=11124, stack(0x0000004cc2e00000,0x0000004cc2f00000)]
  0x000001b47aa019f0 JavaThread "Cancel handler" [_thread_blocked, id=8708, stack(0x0000004cc4a00000,0x0000004cc4b00000)]
  0x000001b47aa01ec0 JavaThread "Asynchronous log dispatcher for DefaultDaemonConnection: socket connection from /127.0.0.1:62205 to /127.0.0.1:62296" [_thread_blocked, id=16624, stack(0x0000004cc4b00000,0x0000004cc4c00000)]
  0x000001b47aa00b80 JavaThread "Daemon client event forwarder" [_thread_blocked, id=6936, stack(0x0000004cc4f00000,0x0000004cc5000000)]
  0x000001b47aa01050 JavaThread "Cache worker for checksums cache (C:\Users\LENOVO\Downloads\CollabMacro-FinalMacro\CollabMacro-FinalMacro\.gradle\8.4\checksums)" [_thread_blocked, id=13648, stack(0x0000004cc5500000,0x0000004cc5600000)]
  0x000001b47aa01520 JavaThread "Cache worker for file hash cache (C:\Users\LENOVO\Downloads\CollabMacro-FinalMacro\CollabMacro-FinalMacro\.gradle\8.4\fileHashes)" [_thread_blocked, id=12784, stack(0x0000004cc5600000,0x0000004cc5700000)]
  0x000001b47aa02390 JavaThread "Cache worker for cache directory md-supplier (C:\Users\LENOVO\.gradle\caches\8.4\md-supplier)" [_thread_blocked, id=14276, stack(0x0000004cc5700000,0x0000004cc5800000)]
  0x000001b47aa02860 JavaThread "Cache worker for cache directory md-rule (C:\Users\LENOVO\.gradle\caches\8.4\md-rule)" [_thread_blocked, id=17576, stack(0x0000004cc5900000,0x0000004cc5a00000)]
  0x000001b47b33f530 JavaThread "Cache worker for dependencies-accessors (C:\Users\LENOVO\Downloads\CollabMacro-FinalMacro\CollabMacro-FinalMacro\.gradle\8.4\dependencies-accessors)" [_thread_blocked, id=11304, stack(0x0000004cc6000000,0x0000004cc6100000)]
  0x000001b47b341210 JavaThread "Cache worker for Build Output Cleanup Cache (C:\Users\LENOVO\Downloads\CollabMacro-FinalMacro\CollabMacro-FinalMacro\.gradle\buildOutputCleanup)" [_thread_blocked, id=17276, stack(0x0000004cc6100000,0x0000004cc6200000)]
  0x000001b47b345a40 JavaThread "Unconstrained build operations" [_thread_blocked, id=9416, stack(0x0000004cc6200000,0x0000004cc6300000)]
  0x000001b47b33fa00 JavaThread "Unconstrained build operations Thread 2" [_thread_blocked, id=2088, stack(0x0000004cc6300000,0x0000004cc6400000)]
  0x000001b47b340d40 JavaThread "Unconstrained build operations Thread 3" [_thread_blocked, id=17148, stack(0x0000004cc6400000,0x0000004cc6500000)]
  0x000001b47b343d60 JavaThread "build event listener" [_thread_blocked, id=14604, stack(0x0000004cc6500000,0x0000004cc6600000)]
  0x000001b47b344700 JavaThread "pool-7-thread-1" [_thread_blocked, id=124, stack(0x0000004cc6600000,0x0000004cc6700000)]
  0x000001b47b33fed0 JavaThread "build event listener" [_thread_blocked, id=8124, stack(0x0000004cc6800000,0x0000004cc6900000)]
  0x000001b47b3403a0 JavaThread "included builds" [_thread_blocked, id=1564, stack(0x0000004cc6900000,0x0000004cc6a00000)]
  0x000001b47b341bb0 JavaThread "Execution worker" [_thread_blocked, id=17808, stack(0x0000004cc6a00000,0x0000004cc6b00000)]
  0x000001b47b344bd0 JavaThread "Execution worker Thread 2" [_thread_blocked, id=9688, stack(0x0000004cc6b00000,0x0000004cc6c00000)]
  0x000001b47b3450a0 JavaThread "Execution worker Thread 3" [_thread_blocked, id=18312, stack(0x0000004cc6c00000,0x0000004cc6d00000)]
  0x000001b47b33f060 JavaThread "Cache worker for execution history cache (C:\Users\LENOVO\Downloads\CollabMacro-FinalMacro\CollabMacro-FinalMacro\.gradle\8.4\executionHistory)" [_thread_blocked, id=11628, stack(0x0000004cc6d00000,0x0000004cc6e00000)]
  0x000001b47b342ef0 JavaThread "Unconstrained build operations Thread 4" [_thread_blocked, id=11564, stack(0x0000004cc6e00000,0x0000004cc6f00000)]
  0x000001b47b3463e0 JavaThread "Unconstrained build operations Thread 5" [_thread_blocked, id=18316, stack(0x0000004cc6f00000,0x0000004cc7000000)]
  0x000001b47b3468b0 JavaThread "Unconstrained build operations Thread 6" [_thread_blocked, id=15712, stack(0x0000004cc7000000,0x0000004cc7100000)]
  0x000001b47b3416e0 JavaThread "Unconstrained build operations Thread 7" [_thread_blocked, id=16792, stack(0x0000004cc7100000,0x0000004cc7200000)]
  0x000001b47b342550 JavaThread "Unconstrained build operations Thread 8" [_thread_blocked, id=8056, stack(0x0000004cc7200000,0x0000004cc7300000)]
  0x000001b47b274210 JavaThread "Unconstrained build operations Thread 9" [_thread_blocked, id=14732, stack(0x0000004cc7300000,0x0000004cc7400000)]
  0x000001b47b275ef0 JavaThread "Unconstrained build operations Thread 10" [_thread_blocked, id=15580, stack(0x0000004cc7400000,0x0000004cc7500000)]
  0x000001b47b275080 JavaThread "Unconstrained build operations Thread 11" [_thread_blocked, id=10276, stack(0x0000004cc7500000,0x0000004cc7600000)]
  0x000001b47b2746e0 JavaThread "Unconstrained build operations Thread 12" [_thread_blocked, id=6284, stack(0x0000004cc7600000,0x0000004cc7700000)]
  0x000001b47b273870 JavaThread "Unconstrained build operations Thread 13" [_thread_blocked, id=17732, stack(0x0000004cc7700000,0x0000004cc7800000)]
  0x000001b47b274bb0 JavaThread "WorkerExecutor Queue" [_thread_blocked, id=17460, stack(0x0000004cc7800000,0x0000004cc7900000)]
  0x000001b47b275550 JavaThread "Unconstrained build operations Thread 14" [_thread_blocked, id=12972, stack(0x0000004cc7900000,0x0000004cc7a00000)]
  0x000001b47b2733a0 JavaThread "Unconstrained build operations Thread 15" [_thread_blocked, id=9128, stack(0x0000004cc7a00000,0x0000004cc7b00000)]
  0x000001b47b275a20 JavaThread "Unconstrained build operations Thread 16" [_thread_blocked, id=15384, stack(0x0000004cc7b00000,0x0000004cc7c00000)]
  0x000001b47b277230 JavaThread "RMI TCP Connection(idle)" daemon [_thread_blocked, id=13952, stack(0x0000004cc7d00000,0x0000004cc7e00000)]
  0x000001b47b278570 JavaThread "RMI TCP Connection(5)-127.0.0.1" daemon [_thread_in_native, id=16648, stack(0x0000004cc7e00000,0x0000004cc7f00000)]
  0x000001b47b278f10 JavaThread "Unconstrained build operations Thread 17" [_thread_blocked, id=15372, stack(0x0000004cc2d00000,0x0000004cc2e00000)]
  0x000001b47b2793e0 JavaThread "Unconstrained build operations Thread 18" [_thread_blocked, id=8244, stack(0x0000004cc4d00000,0x0000004cc4e00000)]
  0x000001b47b272060 JavaThread "Unconstrained build operations Thread 19" [_thread_blocked, id=2196, stack(0x0000004cc7f00000,0x0000004cc8000000)]
  0x000001b47b276d60 JavaThread "WorkerExecutor Queue Thread 2" [_thread_blocked, id=4560, stack(0x0000004cc7c00000,0x0000004cc7d00000)]
  0x000001b47b0ce050 JavaThread "WorkerExecutor Queue Thread 3" [_thread_blocked, id=7440, stack(0x0000004cc8000000,0x0000004cc8100000)]
  0x000001b47b0ce520 JavaThread "WorkerExecutor Queue Thread 5" [_thread_blocked, id=13580, stack(0x0000004cc8200000,0x0000004cc8300000)]

Other Threads:
=>0x000001b472c407c0 VMThread "VM Thread" [stack: 0x0000004cc3600000,0x0000004cc3700000] [id=1804]
  0x000001b473a2eae0 WatcherThread [stack: 0x0000004cc4200000,0x0000004cc4300000] [id=16128]
  0x000001b45382e5e0 GCTaskThread "GC Thread#0" [stack: 0x0000004cc3100000,0x0000004cc3200000] [id=5800]
  0x000001b473b32780 GCTaskThread "GC Thread#1" [stack: 0x0000004cc4300000,0x0000004cc4400000] [id=12964]
  0x000001b473a911f0 GCTaskThread "GC Thread#2" [stack: 0x0000004cc4400000,0x0000004cc4500000] [id=17528]
  0x000001b4743df700 GCTaskThread "GC Thread#3" [stack: 0x0000004cc4500000,0x0000004cc4600000] [id=15600]
  0x000001b453838520 ConcurrentGCThread "G1 Main Marker" [stack: 0x0000004cc3200000,0x0000004cc3300000] [id=16440]
  0x000001b453839f40 ConcurrentGCThread "G1 Conc#0" [stack: 0x0000004cc3300000,0x0000004cc3400000] [id=4744]
  0x000001b45385d570 ConcurrentGCThread "G1 Refine#0" [stack: 0x0000004cc3400000,0x0000004cc3500000] [id=16368]
  0x000001b478557060 ConcurrentGCThread "G1 Refine#1" [stack: 0x0000004cc2f00000,0x0000004cc3000000] [id=15412]
  0x000001b45385df90 ConcurrentGCThread "G1 Service" [stack: 0x0000004cc3500000,0x0000004cc3600000] [id=6992]

Threads with active compile tasks:

VM state: at safepoint (normal execution)

VM Mutex/Monitor currently owned by a thread:  ([mutex/lock_event])
[0x000001b4537bbd40] Threads_lock - owner thread: 0x000001b472c407c0
[0x000001b4537b9f70] Heap_lock - owner thread: 0x000001b47b344bd0

Heap address: 0x00000006e0000000, size: 4608 MB, Compressed Oops mode: Zero based, Oop shift amount: 3

CDS archive(s) not mapped
Compressed class space mapped at: 0x0000000800000000-0x0000000840000000, reserved size: 1073741824
Narrow klass base: 0x0000000800000000, Narrow klass shift: 0, Narrow klass range: 0x40000000

GC Precious Log:
 CPUs: 4 total, 4 available
 Memory: 3460M
 Large Page Support: Disabled
 NUMA Support: Disabled
 Compressed Oops: Enabled (Zero based)
 Heap Region Size: 4M
 Heap Min Capacity: 8M
 Heap Initial Capacity: 56M
 Heap Max Capacity: 4608M
 Pre-touch: Disabled
 Parallel Workers: 4
 Concurrent Workers: 1
 Concurrent Refinement Workers: 4
 Periodic GC: Disabled

Heap:
 garbage-first heap   total 667648K, used 331606K [0x00000006e0000000, 0x0000000800000000)
  region size 4096K, 2 young (8192K), 2 survivors (8192K)
 Metaspace       used 141559K, committed 142464K, reserved 1179648K
  class space    used 18697K, committed 19136K, reserved 1048576K

Heap Regions: E=young(eden), S=young(survivor), O=old, HS=humongous(starts), HC=humongous(continues), CS=collection set, F=free, OA=open archive, CA=closed archive, TAMS=top-at-mark-start (previous, next)
|   0|0x00000006e0000000, 0x00000006e0400000, 0x00000006e0400000|100%|HS|  |TAMS 0x00000006e0400000, 0x00000006e0000000| Complete 
|   1|0x00000006e0400000, 0x00000006e0800000, 0x00000006e0800000|100%| O|  |TAMS 0x00000006e0800000, 0x00000006e0400000| Untracked 
|   2|0x00000006e0800000, 0x00000006e0c00000, 0x00000006e0c00000|100%| O|  |TAMS 0x00000006e0c00000, 0x00000006e0800000| Untracked 
|   3|0x00000006e0c00000, 0x00000006e1000000, 0x00000006e1000000|100%| O|  |TAMS 0x00000006e1000000, 0x00000006e0c00000| Untracked 
|   4|0x00000006e1000000, 0x00000006e1400000, 0x00000006e1400000|100%| O|  |TAMS 0x00000006e1400000, 0x00000006e1000000| Untracked 
|   5|0x00000006e1400000, 0x00000006e1800000, 0x00000006e1800000|100%| O|  |TAMS 0x00000006e1800000, 0x00000006e1400000| Untracked 
|   6|0x00000006e1800000, 0x00000006e1c00000, 0x00000006e1c00000|100%| O|  |TAMS 0x00000006e1c00000, 0x00000006e1800000| Untracked 
|   7|0x00000006e1c00000, 0x00000006e2000000, 0x00000006e2000000|100%| O|  |TAMS 0x00000006e2000000, 0x00000006e1c00000| Untracked 
|   8|0x00000006e2000000, 0x00000006e2400000, 0x00000006e2400000|100%| O|  |TAMS 0x00000006e2400000, 0x00000006e2000000| Untracked 
|   9|0x00000006e2400000, 0x00000006e2800000, 0x00000006e2800000|100%| O|  |TAMS 0x00000006e2800000, 0x00000006e2400000| Untracked 
|  10|0x00000006e2800000, 0x00000006e2c00000, 0x00000006e2c00000|100%| O|  |TAMS 0x00000006e2c00000, 0x00000006e2800000| Untracked 
|  11|0x00000006e2c00000, 0x00000006e3000000, 0x00000006e3000000|100%|HS|  |TAMS 0x00000006e3000000, 0x00000006e2c00000| Complete 
|  12|0x00000006e3000000, 0x00000006e3400000, 0x00000006e3400000|100%| O|  |TAMS 0x00000006e3400000, 0x00000006e3000000| Untracked 
|  13|0x00000006e3400000, 0x00000006e3800000, 0x00000006e3800000|100%| O|  |TAMS 0x00000006e3800000, 0x00000006e3400000| Untracked 
|  14|0x00000006e3800000, 0x00000006e3c00000, 0x00000006e3c00000|100%| O|  |TAMS 0x00000006e3c00000, 0x00000006e3800000| Untracked 
|  15|0x00000006e3c00000, 0x00000006e4000000, 0x00000006e4000000|100%|HS|  |TAMS 0x00000006e4000000, 0x00000006e3c00000| Complete 
|  16|0x00000006e4000000, 0x00000006e4400000, 0x00000006e4400000|100%| O|  |TAMS 0x00000006e4400000, 0x00000006e4000000| Untracked 
|  17|0x00000006e4400000, 0x00000006e4800000, 0x00000006e4800000|100%| O|  |TAMS 0x00000006e4800000, 0x00000006e4400000| Untracked 
|  18|0x00000006e4800000, 0x00000006e4c00000, 0x00000006e4c00000|100%| O|  |TAMS 0x00000006e4c00000, 0x00000006e4800000| Untracked 
|  19|0x00000006e4c00000, 0x00000006e5000000, 0x00000006e5000000|100%| O|  |TAMS 0x00000006e5000000, 0x00000006e4c00000| Untracked 
|  20|0x00000006e5000000, 0x00000006e5400000, 0x00000006e5400000|100%| O|  |TAMS 0x00000006e5400000, 0x00000006e5000000| Untracked 
|  21|0x00000006e5400000, 0x00000006e5800000, 0x00000006e5800000|100%| O|  |TAMS 0x00000006e5800000, 0x00000006e5400000| Untracked 
|  22|0x00000006e5800000, 0x00000006e5c00000, 0x00000006e5c00000|100%| O|  |TAMS 0x00000006e5c00000, 0x00000006e5800000| Untracked 
|  23|0x00000006e5c00000, 0x00000006e6000000, 0x00000006e6000000|100%| O|  |TAMS 0x00000006e6000000, 0x00000006e5c00000| Untracked 
|  24|0x00000006e6000000, 0x00000006e6400000, 0x00000006e6400000|100%| O|  |TAMS 0x00000006e6000000, 0x00000006e6000000| Untracked 
|  25|0x00000006e6400000, 0x00000006e6800000, 0x00000006e6800000|100%| O|  |TAMS 0x00000006e6800000, 0x00000006e6400000| Untracked 
|  26|0x00000006e6800000, 0x00000006e6c00000, 0x00000006e6c00000|100%| O|  |TAMS 0x00000006e6c00000, 0x00000006e6800000| Untracked 
|  27|0x00000006e6c00000, 0x00000006e7000000, 0x00000006e7000000|100%| O|  |TAMS 0x00000006e7000000, 0x00000006e6c00000| Untracked 
|  28|0x00000006e7000000, 0x00000006e7400000, 0x00000006e7400000|100%| O|  |TAMS 0x00000006e7400000, 0x00000006e7000000| Untracked 
|  29|0x00000006e7400000, 0x00000006e7800000, 0x00000006e7800000|100%| O|  |TAMS 0x00000006e7800000, 0x00000006e7400000| Untracked 
|  30|0x00000006e7800000, 0x00000006e7a06000, 0x00000006e7c00000| 50%| O|  |TAMS 0x00000006e7a06000, 0x00000006e7800000| Untracked 
|  31|0x00000006e7c00000, 0x00000006e8000000, 0x00000006e8000000|100%| O|  |TAMS 0x00000006e7c00000, 0x00000006e7c00000| Untracked 
|  32|0x00000006e8000000, 0x00000006e8400000, 0x00000006e8400000|100%| O|  |TAMS 0x00000006e8000000, 0x00000006e8000000| Untracked 
|  33|0x00000006e8400000, 0x00000006e8800000, 0x00000006e8800000|100%| O|  |TAMS 0x00000006e8400000, 0x00000006e8400000| Untracked 
|  34|0x00000006e8800000, 0x00000006e8c00000, 0x00000006e8c00000|100%| O|  |TAMS 0x00000006e8800000, 0x00000006e8800000| Untracked 
|  35|0x00000006e8c00000, 0x00000006e9000000, 0x00000006e9000000|100%| O|  |TAMS 0x00000006e8c00000, 0x00000006e8c00000| Untracked 
|  36|0x00000006e9000000, 0x00000006e9400000, 0x00000006e9400000|100%| O|  |TAMS 0x00000006e9000000, 0x00000006e9000000| Untracked 
|  37|0x00000006e9400000, 0x00000006e9800000, 0x00000006e9800000|100%| O|  |TAMS 0x00000006e9400000, 0x00000006e9400000| Untracked 
|  38|0x00000006e9800000, 0x00000006e9c00000, 0x00000006e9c00000|100%| O|  |TAMS 0x00000006e9800000, 0x00000006e9800000| Untracked 
|  39|0x00000006e9c00000, 0x00000006ea000000, 0x00000006ea000000|100%| O|  |TAMS 0x00000006e9c00000, 0x00000006e9c00000| Untracked 
|  40|0x00000006ea000000, 0x00000006ea400000, 0x00000006ea400000|100%| O|  |TAMS 0x00000006ea000000, 0x00000006ea000000| Untracked 
|  41|0x00000006ea400000, 0x00000006ea800000, 0x00000006ea800000|100%| O|  |TAMS 0x00000006ea400000, 0x00000006ea400000| Untracked 
|  42|0x00000006ea800000, 0x00000006eac00000, 0x00000006eac00000|100%| O|  |TAMS 0x00000006ea800000, 0x00000006ea800000| Untracked 
|  43|0x00000006eac00000, 0x00000006eb000000, 0x00000006eb000000|100%| O|  |TAMS 0x00000006eac00000, 0x00000006eac00000| Untracked 
|  44|0x00000006eb000000, 0x00000006eb400000, 0x00000006eb400000|100%| O|  |TAMS 0x00000006eb000000, 0x00000006eb000000| Untracked 
|  45|0x00000006eb400000, 0x00000006eb800000, 0x00000006eb800000|100%| O|  |TAMS 0x00000006eb400000, 0x00000006eb400000| Untracked 
|  46|0x00000006eb800000, 0x00000006ebc00000, 0x00000006ebc00000|100%|HS|  |TAMS 0x00000006eb800000, 0x00000006eb800000| Complete 
|  47|0x00000006ebc00000, 0x00000006ec000000, 0x00000006ec000000|100%| O|  |TAMS 0x00000006ebc00000, 0x00000006ebc00000| Untracked 
|  48|0x00000006ec000000, 0x00000006ec400000, 0x00000006ec400000|100%| O|  |TAMS 0x00000006ec000000, 0x00000006ec000000| Untracked 
|  49|0x00000006ec400000, 0x00000006ec800000, 0x00000006ec800000|100%| O|  |TAMS 0x00000006ec400000, 0x00000006ec400000| Untracked 
|  50|0x00000006ec800000, 0x00000006ecc00000, 0x00000006ecc00000|100%| O|  |TAMS 0x00000006ec800000, 0x00000006ec800000| Untracked 
|  51|0x00000006ecc00000, 0x00000006ed000000, 0x00000006ed000000|100%| O|  |TAMS 0x00000006ecc00000, 0x00000006ecc00000| Untracked 
|  52|0x00000006ed000000, 0x00000006ed400000, 0x00000006ed400000|100%| O|  |TAMS 0x00000006ed000000, 0x00000006ed000000| Untracked 
|  53|0x00000006ed400000, 0x00000006ed800000, 0x00000006ed800000|100%| O|  |TAMS 0x00000006ed400000, 0x00000006ed400000| Untracked 
|  54|0x00000006ed800000, 0x00000006edc00000, 0x00000006edc00000|100%| O|  |TAMS 0x00000006ed800000, 0x00000006ed800000| Untracked 
|  55|0x00000006edc00000, 0x00000006ee000000, 0x00000006ee000000|100%| O|  |TAMS 0x00000006edc00000, 0x00000006edc00000| Untracked 
|  56|0x00000006ee000000, 0x00000006ee400000, 0x00000006ee400000|100%| O|  |TAMS 0x00000006ee000000, 0x00000006ee000000| Untracked 
|  57|0x00000006ee400000, 0x00000006ee800000, 0x00000006ee800000|100%| O|  |TAMS 0x00000006ee400000, 0x00000006ee400000| Untracked 
|  58|0x00000006ee800000, 0x00000006eec00000, 0x00000006eec00000|100%| O|  |TAMS 0x00000006ee800000, 0x00000006ee800000| Untracked 
|  59|0x00000006eec00000, 0x00000006ef000000, 0x00000006ef000000|100%| O|  |TAMS 0x00000006eec00000, 0x00000006eec00000| Untracked 
|  60|0x00000006ef000000, 0x00000006ef400000, 0x00000006ef400000|100%| O|  |TAMS 0x00000006ef000000, 0x00000006ef000000| Untracked 
|  61|0x00000006ef400000, 0x00000006ef800000, 0x00000006ef800000|100%| O|  |TAMS 0x00000006ef400000, 0x00000006ef400000| Untracked 
|  62|0x00000006ef800000, 0x00000006efc00000, 0x00000006efc00000|100%| O|  |TAMS 0x00000006ef800000, 0x00000006ef800000| Untracked 
|  63|0x00000006efc00000, 0x00000006f0000000, 0x00000006f0000000|100%| O|  |TAMS 0x00000006efc00000, 0x00000006efc00000| Untracked 
|  64|0x00000006f0000000, 0x00000006f0400000, 0x00000006f0400000|100%| O|  |TAMS 0x00000006f0000000, 0x00000006f0000000| Untracked 
|  65|0x00000006f0400000, 0x00000006f0800000, 0x00000006f0800000|100%| O|  |TAMS 0x00000006f0400000, 0x00000006f0400000| Untracked 
|  66|0x00000006f0800000, 0x00000006f0c00000, 0x00000006f0c00000|100%| O|  |TAMS 0x00000006f0800000, 0x00000006f0800000| Untracked 
|  67|0x00000006f0c00000, 0x00000006f1000000, 0x00000006f1000000|100%| O|  |TAMS 0x00000006f0c00000, 0x00000006f0c00000| Untracked 
|  68|0x00000006f1000000, 0x00000006f1400000, 0x00000006f1400000|100%| O|  |TAMS 0x00000006f1000000, 0x00000006f1000000| Untracked 
|  69|0x00000006f1400000, 0x00000006f1800000, 0x00000006f1800000|100%| O|  |TAMS 0x00000006f1400000, 0x00000006f1400000| Untracked 
|  70|0x00000006f1800000, 0x00000006f1c00000, 0x00000006f1c00000|100%| O|  |TAMS 0x00000006f1800000, 0x00000006f1800000| Untracked 
|  71|0x00000006f1c00000, 0x00000006f2000000, 0x00000006f2000000|100%| O|  |TAMS 0x00000006f1c00000, 0x00000006f1c00000| Untracked 
|  72|0x00000006f2000000, 0x00000006f2400000, 0x00000006f2400000|100%| O|  |TAMS 0x00000006f2000000, 0x00000006f2000000| Untracked 
|  73|0x00000006f2400000, 0x00000006f2800000, 0x00000006f2800000|100%| O|  |TAMS 0x00000006f2400000, 0x00000006f2400000| Untracked 
|  74|0x00000006f2800000, 0x00000006f2c00000, 0x00000006f2c00000|100%| O|  |TAMS 0x00000006f2800000, 0x00000006f2800000| Untracked 
|  75|0x00000006f2c00000, 0x00000006f3000000, 0x00000006f3000000|100%| O|  |TAMS 0x00000006f2c00000, 0x00000006f2c00000| Untracked 
|  76|0x00000006f3000000, 0x00000006f3400000, 0x00000006f3400000|100%| O|  |TAMS 0x00000006f3000000, 0x00000006f3000000| Untracked 
|  77|0x00000006f3400000, 0x00000006f3800000, 0x00000006f3800000|100%| O|  |TAMS 0x00000006f3400000, 0x00000006f3400000| Untracked 
|  78|0x00000006f3800000, 0x00000006f3c00000, 0x00000006f3c00000|100%| O|  |TAMS 0x00000006f3800000, 0x00000006f3800000| Untracked 
|  79|0x00000006f3c00000, 0x00000006f4000000, 0x00000006f4000000|100%| O|  |TAMS 0x00000006f3c00000, 0x00000006f3c00000| Untracked 
|  80|0x00000006f4000000, 0x00000006f4093800, 0x00000006f4400000| 14%| O|  |TAMS 0x00000006f4000000, 0x00000006f4000000| Untracked 
|  81|0x00000006f4400000, 0x00000006f4400000, 0x00000006f4800000|  0%| F|  |TAMS 0x00000006f4400000, 0x00000006f4400000| Untracked 
|  82|0x00000006f4800000, 0x00000006f4800000, 0x00000006f4c00000|  0%| F|  |TAMS 0x00000006f4800000, 0x00000006f4800000| Untracked 
|  83|0x00000006f4c00000, 0x00000006f4c00000, 0x00000006f5000000|  0%| F|  |TAMS 0x00000006f4c00000, 0x00000006f4c00000| Untracked 
|  84|0x00000006f5000000, 0x00000006f5000000, 0x00000006f5400000|  0%| F|  |TAMS 0x00000006f5000000, 0x00000006f5000000| Untracked 
|  85|0x00000006f5400000, 0x00000006f5400000, 0x00000006f5800000|  0%| F|  |TAMS 0x00000006f5400000, 0x00000006f5400000| Untracked 
|  86|0x00000006f5800000, 0x00000006f5800000, 0x00000006f5c00000|  0%| F|  |TAMS 0x00000006f5800000, 0x00000006f5800000| Untracked 
|  87|0x00000006f5c00000, 0x00000006f5c00000, 0x00000006f6000000|  0%| F|  |TAMS 0x00000006f5c00000, 0x00000006f5c00000| Untracked 
|  88|0x00000006f6000000, 0x00000006f6000000, 0x00000006f6400000|  0%| F|  |TAMS 0x00000006f6000000, 0x00000006f6000000| Untracked 
|  89|0x00000006f6400000, 0x00000006f6400000, 0x00000006f6800000|  0%| F|  |TAMS 0x00000006f6400000, 0x00000006f6400000| Untracked 
|  90|0x00000006f6800000, 0x00000006f6800000, 0x00000006f6c00000|  0%| F|  |TAMS 0x00000006f6800000, 0x00000006f6800000| Untracked 
|  91|0x00000006f6c00000, 0x00000006f6c00000, 0x00000006f7000000|  0%| F|  |TAMS 0x00000006f6c00000, 0x00000006f6c00000| Untracked 
|  92|0x00000006f7000000, 0x00000006f7000000, 0x00000006f7400000|  0%| F|  |TAMS 0x00000006f7000000, 0x00000006f7000000| Untracked 
|  93|0x00000006f7400000, 0x00000006f7400000, 0x00000006f7800000|  0%| F|  |TAMS 0x00000006f7400000, 0x00000006f7400000| Untracked 
|  94|0x00000006f7800000, 0x00000006f7800000, 0x00000006f7c00000|  0%| F|  |TAMS 0x00000006f7800000, 0x00000006f7800000| Untracked 
|  95|0x00000006f7c00000, 0x00000006f7c00000, 0x00000006f8000000|  0%| F|  |TAMS 0x00000006f7c00000, 0x00000006f7c00000| Untracked 
|  96|0x00000006f8000000, 0x00000006f8000000, 0x00000006f8400000|  0%| F|  |TAMS 0x00000006f8000000, 0x00000006f8000000| Untracked 
|  97|0x00000006f8400000, 0x00000006f8400000, 0x00000006f8800000|  0%| F|  |TAMS 0x00000006f8400000, 0x00000006f8400000| Untracked 
|  98|0x00000006f8800000, 0x00000006f8800000, 0x00000006f8c00000|  0%| F|  |TAMS 0x00000006f8800000, 0x00000006f8800000| Untracked 
|  99|0x00000006f8c00000, 0x00000006f8c00000, 0x00000006f9000000|  0%| F|  |TAMS 0x00000006f8c00000, 0x00000006f8c00000| Untracked 
| 100|0x00000006f9000000, 0x00000006f9000000, 0x00000006f9400000|  0%| F|  |TAMS 0x00000006f9000000, 0x00000006f9000000| Untracked 
| 101|0x00000006f9400000, 0x00000006f9400000, 0x00000006f9800000|  0%| F|  |TAMS 0x00000006f9400000, 0x00000006f9400000| Untracked 
| 102|0x00000006f9800000, 0x00000006f9800000, 0x00000006f9c00000|  0%| F|  |TAMS 0x00000006f9800000, 0x00000006f9800000| Untracked 
| 103|0x00000006f9c00000, 0x00000006f9c00000, 0x00000006fa000000|  0%| F|  |TAMS 0x00000006f9c00000, 0x00000006f9c00000| Untracked 
| 104|0x00000006fa000000, 0x00000006fa000000, 0x00000006fa400000|  0%| F|  |TAMS 0x00000006fa000000, 0x00000006fa000000| Untracked 
| 105|0x00000006fa400000, 0x00000006fa400000, 0x00000006fa800000|  0%| F|  |TAMS 0x00000006fa400000, 0x00000006fa400000| Untracked 
| 106|0x00000006fa800000, 0x00000006fa800000, 0x00000006fac00000|  0%| F|  |TAMS 0x00000006fa800000, 0x00000006fa800000| Untracked 
| 107|0x00000006fac00000, 0x00000006fac00000, 0x00000006fb000000|  0%| F|  |TAMS 0x00000006fac00000, 0x00000006fac00000| Untracked 
| 108|0x00000006fb000000, 0x00000006fb000000, 0x00000006fb400000|  0%| F|  |TAMS 0x00000006fb000000, 0x00000006fb000000| Untracked 
| 109|0x00000006fb400000, 0x00000006fb400000, 0x00000006fb800000|  0%| F|  |TAMS 0x00000006fb400000, 0x00000006fb400000| Untracked 
| 110|0x00000006fb800000, 0x00000006fb800000, 0x00000006fbc00000|  0%| F|  |TAMS 0x00000006fb800000, 0x00000006fb800000| Untracked 
| 111|0x00000006fbc00000, 0x00000006fbc00000, 0x00000006fc000000|  0%| F|  |TAMS 0x00000006fbc00000, 0x00000006fbc00000| Untracked 
| 112|0x00000006fc000000, 0x00000006fc000000, 0x00000006fc400000|  0%| F|  |TAMS 0x00000006fc000000, 0x00000006fc000000| Untracked 
| 113|0x00000006fc400000, 0x00000006fc400000, 0x00000006fc800000|  0%| F|  |TAMS 0x00000006fc400000, 0x00000006fc400000| Untracked 
| 114|0x00000006fc800000, 0x00000006fc800000, 0x00000006fcc00000|  0%| F|  |TAMS 0x00000006fc800000, 0x00000006fc800000| Untracked 
| 115|0x00000006fcc00000, 0x00000006fcc00000, 0x00000006fd000000|  0%| F|  |TAMS 0x00000006fcc00000, 0x00000006fcc00000| Untracked 
| 116|0x00000006fd000000, 0x00000006fd000000, 0x00000006fd400000|  0%| F|  |TAMS 0x00000006fd000000, 0x00000006fd000000| Untracked 
| 117|0x00000006fd400000, 0x00000006fd400000, 0x00000006fd800000|  0%| F|  |TAMS 0x00000006fd400000, 0x00000006fd400000| Untracked 
| 118|0x00000006fd800000, 0x00000006fd800000, 0x00000006fdc00000|  0%| F|  |TAMS 0x00000006fd800000, 0x00000006fd800000| Untracked 
| 119|0x00000006fdc00000, 0x00000006fdc00000, 0x00000006fe000000|  0%| F|  |TAMS 0x00000006fdc00000, 0x00000006fdc00000| Untracked 
| 120|0x00000006fe000000, 0x00000006fe000000, 0x00000006fe400000|  0%| F|  |TAMS 0x00000006fe000000, 0x00000006fe000000| Untracked 
| 121|0x00000006fe400000, 0x00000006fe400000, 0x00000006fe800000|  0%| F|  |TAMS 0x00000006fe400000, 0x00000006fe400000| Untracked 
| 122|0x00000006fe800000, 0x00000006fe800000, 0x00000006fec00000|  0%| F|  |TAMS 0x00000006fe800000, 0x00000006fe800000| Untracked 
| 123|0x00000006fec00000, 0x00000006fec00000, 0x00000006ff000000|  0%| F|  |TAMS 0x00000006fec00000, 0x00000006fec00000| Untracked 
| 124|0x00000006ff000000, 0x00000006ff000000, 0x00000006ff400000|  0%| F|  |TAMS 0x00000006ff000000, 0x00000006ff000000| Untracked 
| 125|0x00000006ff400000, 0x00000006ff400000, 0x00000006ff800000|  0%| F|  |TAMS 0x00000006ff400000, 0x00000006ff400000| Untracked 
| 126|0x00000006ff800000, 0x00000006ff800000, 0x00000006ffc00000|  0%| F|  |TAMS 0x00000006ff800000, 0x00000006ff800000| Untracked 
| 127|0x00000006ffc00000, 0x00000006ffc00000, 0x0000000700000000|  0%| F|  |TAMS 0x00000006ffc00000, 0x00000006ffc00000| Untracked 
| 128|0x0000000700000000, 0x0000000700000000, 0x0000000700400000|  0%| F|  |TAMS 0x0000000700000000, 0x0000000700000000| Untracked 
| 129|0x0000000700400000, 0x0000000700400000, 0x0000000700800000|  0%| F|  |TAMS 0x0000000700400000, 0x0000000700400000| Untracked 
| 130|0x0000000700800000, 0x0000000700800000, 0x0000000700c00000|  0%| F|  |TAMS 0x0000000700800000, 0x0000000700800000| Untracked 
| 131|0x0000000700c00000, 0x0000000700c00000, 0x0000000701000000|  0%| F|  |TAMS 0x0000000700c00000, 0x0000000700c00000| Untracked 
| 132|0x0000000701000000, 0x0000000701000000, 0x0000000701400000|  0%| F|  |TAMS 0x0000000701000000, 0x0000000701000000| Untracked 
| 133|0x0000000701400000, 0x0000000701400000, 0x0000000701800000|  0%| F|  |TAMS 0x0000000701400000, 0x0000000701400000| Untracked 
| 134|0x0000000701800000, 0x0000000701800000, 0x0000000701c00000|  0%| F|  |TAMS 0x0000000701800000, 0x0000000701800000| Untracked 
| 135|0x0000000701c00000, 0x0000000701c00000, 0x0000000702000000|  0%| F|  |TAMS 0x0000000701c00000, 0x0000000701c00000| Untracked 
| 136|0x0000000702000000, 0x0000000702000000, 0x0000000702400000|  0%| F|  |TAMS 0x0000000702000000, 0x0000000702000000| Untracked 
| 137|0x0000000702400000, 0x0000000702400000, 0x0000000702800000|  0%| F|  |TAMS 0x0000000702400000, 0x0000000702400000| Untracked 
| 138|0x0000000702800000, 0x0000000702800000, 0x0000000702c00000|  0%| F|  |TAMS 0x0000000702800000, 0x0000000702800000| Untracked 
| 139|0x0000000702c00000, 0x0000000702c00000, 0x0000000703000000|  0%| F|  |TAMS 0x0000000702c00000, 0x0000000702c00000| Untracked 
| 140|0x0000000703000000, 0x0000000703000000, 0x0000000703400000|  0%| F|  |TAMS 0x0000000703000000, 0x0000000703000000| Untracked 
| 141|0x0000000703400000, 0x0000000703400000, 0x0000000703800000|  0%| F|  |TAMS 0x0000000703400000, 0x0000000703400000| Untracked 
| 142|0x0000000703800000, 0x0000000703800000, 0x0000000703c00000|  0%| F|  |TAMS 0x0000000703800000, 0x0000000703800000| Untracked 
| 143|0x0000000703c00000, 0x0000000703c00000, 0x0000000704000000|  0%| F|  |TAMS 0x0000000703c00000, 0x0000000703c00000| Untracked 
| 144|0x0000000704000000, 0x0000000704000000, 0x0000000704400000|  0%| F|  |TAMS 0x0000000704000000, 0x0000000704000000| Untracked 
| 145|0x0000000704400000, 0x0000000704400000, 0x0000000704800000|  0%| F|  |TAMS 0x0000000704400000, 0x0000000704400000| Untracked 
| 146|0x0000000704800000, 0x0000000704800000, 0x0000000704c00000|  0%| F|  |TAMS 0x0000000704800000, 0x0000000704800000| Untracked 
| 147|0x0000000704c00000, 0x0000000704c00000, 0x0000000705000000|  0%| F|  |TAMS 0x0000000704c00000, 0x0000000704c00000| Untracked 
| 148|0x0000000705000000, 0x0000000705000000, 0x0000000705400000|  0%| F|  |TAMS 0x0000000705000000, 0x0000000705000000| Untracked 
| 149|0x0000000705400000, 0x0000000705400000, 0x0000000705800000|  0%| F|  |TAMS 0x0000000705400000, 0x0000000705400000| Untracked 
| 150|0x0000000705800000, 0x0000000705800000, 0x0000000705c00000|  0%| F|  |TAMS 0x0000000705800000, 0x0000000705800000| Untracked 
| 151|0x0000000705c00000, 0x0000000705d3c258, 0x0000000706000000| 30%| S|CS|TAMS 0x0000000705c00000, 0x0000000705c00000| Complete 
| 152|0x0000000706000000, 0x0000000706400000, 0x0000000706400000|100%| S|CS|TAMS 0x0000000706000000, 0x0000000706000000| Complete 
| 153|0x0000000706400000, 0x0000000706400000, 0x0000000706800000|  0%| F|  |TAMS 0x0000000706400000, 0x0000000706400000| Untracked 
| 154|0x0000000706800000, 0x0000000706800000, 0x0000000706c00000|  0%| F|  |TAMS 0x0000000706800000, 0x0000000706800000| Untracked 
| 155|0x0000000706c00000, 0x0000000706c00000, 0x0000000707000000|  0%| F|  |TAMS 0x0000000706c00000, 0x0000000706c00000| Untracked 
| 156|0x0000000707000000, 0x0000000707000000, 0x0000000707400000|  0%| F|  |TAMS 0x0000000707000000, 0x0000000707000000| Untracked 
| 157|0x0000000707400000, 0x0000000707400000, 0x0000000707800000|  0%| F|  |TAMS 0x0000000707400000, 0x0000000707400000| Untracked 
| 158|0x0000000707800000, 0x0000000707800000, 0x0000000707c00000|  0%| F|  |TAMS 0x0000000707800000, 0x0000000707800000| Untracked 
| 159|0x0000000707c00000, 0x0000000707c00000, 0x0000000708000000|  0%| F|  |TAMS 0x0000000707c00000, 0x0000000707c00000| Untracked 
| 160|0x0000000708000000, 0x0000000708000000, 0x0000000708400000|  0%| F|  |TAMS 0x0000000708000000, 0x0000000708000000| Untracked 
| 161|0x0000000708400000, 0x0000000708400000, 0x0000000708800000|  0%| F|  |TAMS 0x0000000708400000, 0x0000000708400000| Untracked 
| 162|0x0000000708800000, 0x0000000708800000, 0x0000000708c00000|  0%| F|  |TAMS 0x0000000708800000, 0x0000000708800000| Untracked 

Card table byte_map: [0x000001b466580000,0x000001b466e80000] _byte_map_base: 0x000001b462e80000

Marking Bits (Prev, Next): (CMBitMap*) 0x000001b45382ec30, (CMBitMap*) 0x000001b45382ebf0
 Prev Bits: [0x000001b46bf80000, 0x000001b470780000)
 Next Bits: [0x000001b467780000, 0x000001b46bf80000)

Polling page: 0x000001b451740000

Metaspace:

Usage:
  Non-class:    119.98 MB used.
      Class:     18.26 MB used.
       Both:    138.24 MB used.

Virtual space:
  Non-class space:      128.00 MB reserved,     120.44 MB ( 94%) committed,  16 nodes.
      Class space:        1.00 GB reserved,      18.69 MB (  2%) committed,  1 nodes.
             Both:        1.12 GB reserved,     139.12 MB ( 12%) committed. 

Chunk freelists:
   Non-Class:  2.66 MB
       Class:  1.31 MB
        Both:  3.97 MB

MaxMetaspaceSize: unlimited
CompressedClassSpaceSize: 1.00 GB
Initial GC threshold: 21.00 MB
Current GC threshold: 193.38 MB
CDS: off
MetaspaceReclaimPolicy: balanced
 - commit_granule_bytes: 65536.
 - commit_granule_words: 8192.
 - virtual_space_node_default_size: 1048576.
 - enlarge_chunks_in_place: 1.
 - new_chunks_are_fully_committed: 0.
 - uncommit_free_chunks: 1.
 - use_allocation_guard: 0.
 - handle_deallocations: 1.


Internal statistics:

num_allocs_failed_limit: 6.
num_arena_births: 1616.
num_arena_deaths: 12.
num_vsnodes_births: 17.
num_vsnodes_deaths: 0.
num_space_committed: 2223.
num_space_uncommitted: 0.
num_chunks_returned_to_freelist: 23.
num_chunks_taken_from_freelist: 7216.
num_chunk_merges: 9.
num_chunk_splits: 4757.
num_chunks_enlarged: 3196.
num_purges: 4.
num_inconsistent_stats: 0.

CodeHeap 'non-profiled nmethods': size=120000Kb used=20416Kb max_used=20742Kb free=99584Kb
 bounds [0x000001b45e750000, 0x000001b45fbb0000, 0x000001b465c80000]
CodeHeap 'profiled nmethods': size=120000Kb used=42674Kb max_used=43272Kb free=77325Kb
 bounds [0x000001b456c80000, 0x000001b4596d0000, 0x000001b45e1b0000]
CodeHeap 'non-nmethods': size=5760Kb used=2468Kb max_used=2524Kb free=3291Kb
 bounds [0x000001b45e1b0000, 0x000001b45e430000, 0x000001b45e750000]
 total_blobs=22105 nmethods=21092 adapters=922
 compilation: enabled
              stopped_count=0, restarted_count=0
 full_count=0

Compilation events (20 events):
Event: 442.032 Thread 0x000001b472ca7890 28441       3       com.google.common.hash.MessageDigestHashFunction$MessageDigestHasher::update (15 bytes)
Event: 442.033 Thread 0x000001b472ca7890 nmethod 28441 0x000001b456ead710 code [0x000001b456ead900, 0x000001b456eaddf8]
Event: 442.052 Thread 0x000001b472ca7890 28442       3       org.gradle.api.internal.provider.FlatMapProvider::doMapValue (43 bytes)
Event: 442.057 Thread 0x000001b472ca7890 nmethod 28442 0x000001b456e3a390 code [0x000001b456e3a600, 0x000001b456e3b168]
Event: 442.059 Thread 0x000001b47380e280 28443       4       org.gradle.api.internal.file.archive.impl.FileZipInput$FileZipEntry::<init> (11 bytes)
Event: 442.061 Thread 0x000001b47380e280 nmethod 28443 0x000001b45e759b90 code [0x000001b45e759d00, 0x000001b45e759f38]
Event: 442.077 Thread 0x000001b472ca7890 28444       3       org.gradle.api.internal.tasks.properties.DefaultCacheableOutputFilePropertySpec::getOutputFile (10 bytes)
Event: 442.078 Thread 0x000001b472ca7890 nmethod 28444 0x000001b457086610 code [0x000001b4570867c0, 0x000001b457086a28]
Event: 442.082 Thread 0x000001b472ca7890 28445       3       org.gradle.internal.snapshot.VfsRelativePath::lengthOfCommonPrefix (173 bytes)
Event: 442.086 Thread 0x000001b472ca7890 nmethod 28445 0x000001b4580a3690 code [0x000001b4580a3ac0, 0x000001b4580a5d48]
Event: 442.086 Thread 0x000001b472ca7890 28446       3       org.gradle.internal.snapshot.AbstractStorePathRelationshipHandler::handleAsDescendantOfChild (8 bytes)
Event: 442.087 Thread 0x000001b472ca7890 nmethod 28446 0x000001b4576cbf10 code [0x000001b4576cc0e0, 0x000001b4576cc4c8]
Event: 442.087 Thread 0x000001b472ca7890 28447       3       org.gradle.internal.snapshot.AbstractStorePathRelationshipHandler::handleAsDescendantOfChild (24 bytes)
Event: 442.087 Thread 0x000001b472ca7890 nmethod 28447 0x000001b457613f90 code [0x000001b457614160, 0x000001b457614468]
Event: 442.108 Thread 0x000001b472ca7890 28448       1       sun.nio.fs.WindowsPath::getPathForExceptionMessage (5 bytes)
Event: 442.109 Thread 0x000001b472ca7890 nmethod 28448 0x000001b45f658190 code [0x000001b45f658320, 0x000001b45f6583f8]
Event: 442.126 Thread 0x000001b47380e280 28449       4       java.lang.invoke.MethodHandleNatives::canBeCalledVirtual (50 bytes)
Event: 442.130 Thread 0x000001b47380e280 nmethod 28449 0x000001b45ea76f10 code [0x000001b45ea770a0, 0x000001b45ea772a8]
Event: 442.390 Thread 0x000001b47380e280 28450       4       com.google.common.collect.RegularImmutableMap::checkNoConflictInKeyBucket (85 bytes)
Event: 442.393 Thread 0x000001b47380e280 nmethod 28450 0x000001b45ee00990 code [0x000001b45ee00b20, 0x000001b45ee00c18]

GC Heap History (20 events):
Event: 369.641 GC heap after
{Heap after GC invocations=97 (full 0):
 garbage-first heap   total 540672K, used 301020K [0x00000006e0000000, 0x0000000800000000)
  region size 4096K, 3 young (12288K), 3 survivors (12288K)
 Metaspace       used 138912K, committed 139776K, reserved 1171456K
  class space    used 18383K, committed 18816K, reserved 1048576K
}
Event: 376.447 GC heap before
{Heap before GC invocations=97 (full 0):
 garbage-first heap   total 540672K, used 313308K [0x00000006e0000000, 0x0000000800000000)
  region size 4096K, 6 young (24576K), 3 survivors (12288K)
 Metaspace       used 139079K, committed 140032K, reserved 1171456K
  class space    used 18389K, committed 18880K, reserved 1048576K
}
Event: 376.609 GC heap after
{Heap after GC invocations=98 (full 0):
 garbage-first heap   total 540672K, used 303757K [0x00000006e0000000, 0x0000000800000000)
  region size 4096K, 1 young (4096K), 1 survivors (4096K)
 Metaspace       used 139079K, committed 140032K, reserved 1171456K
  class space    used 18389K, committed 18880K, reserved 1048576K
}
Event: 383.200 GC heap before
{Heap before GC invocations=98 (full 0):
 garbage-first heap   total 540672K, used 324237K [0x00000006e0000000, 0x0000000800000000)
  region size 4096K, 6 young (24576K), 1 survivors (4096K)
 Metaspace       used 139256K, committed 140160K, reserved 1171456K
  class space    used 18395K, committed 18880K, reserved 1048576K
}
Event: 383.239 GC heap after
{Heap after GC invocations=99 (full 0):
 garbage-first heap   total 667648K, used 305176K [0x00000006e0000000, 0x0000000800000000)
  region size 4096K, 1 young (4096K), 1 survivors (4096K)
 Metaspace       used 139256K, committed 140160K, reserved 1171456K
  class space    used 18395K, committed 18880K, reserved 1048576K
}
Event: 432.692 GC heap before
{Heap before GC invocations=99 (full 0):
 garbage-first heap   total 667648K, used 333848K [0x00000006e0000000, 0x0000000800000000)
  region size 4096K, 8 young (32768K), 1 survivors (4096K)
 Metaspace       used 139566K, committed 140480K, reserved 1171456K
  class space    used 18435K, committed 18880K, reserved 1048576K
}
Event: 432.858 GC heap after
{Heap after GC invocations=100 (full 0):
 garbage-first heap   total 667648K, used 307687K [0x00000006e0000000, 0x0000000800000000)
  region size 4096K, 1 young (4096K), 1 survivors (4096K)
 Metaspace       used 139566K, committed 140480K, reserved 1171456K
  class space    used 18435K, committed 18880K, reserved 1048576K
}
Event: 434.780 GC heap before
{Heap before GC invocations=100 (full 0):
 garbage-first heap   total 667648K, used 332263K [0x00000006e0000000, 0x0000000800000000)
  region size 4096K, 8 young (32768K), 1 survivors (4096K)
 Metaspace       used 140600K, committed 141568K, reserved 1171456K
  class space    used 18577K, committed 19072K, reserved 1048576K
}
Event: 434.821 GC heap after
{Heap after GC invocations=101 (full 0):
 garbage-first heap   total 667648K, used 311126K [0x00000006e0000000, 0x0000000800000000)
  region size 4096K, 1 young (4096K), 1 survivors (4096K)
 Metaspace       used 140600K, committed 141568K, reserved 1171456K
  class space    used 18577K, committed 19072K, reserved 1048576K
}
Event: 435.608 GC heap before
{Heap before GC invocations=101 (full 0):
 garbage-first heap   total 667648K, used 339798K [0x00000006e0000000, 0x0000000800000000)
  region size 4096K, 8 young (32768K), 1 survivors (4096K)
 Metaspace       used 140767K, committed 141696K, reserved 1171456K
  class space    used 18590K, committed 19072K, reserved 1048576K
}
Event: 436.238 GC heap after
{Heap after GC invocations=102 (full 0):
 garbage-first heap   total 667648K, used 313222K [0x00000006e0000000, 0x0000000800000000)
  region size 4096K, 1 young (4096K), 1 survivors (4096K)
 Metaspace       used 140767K, committed 141696K, reserved 1171456K
  class space    used 18590K, committed 19072K, reserved 1048576K
}
Event: 436.792 GC heap before
{Heap before GC invocations=102 (full 0):
 garbage-first heap   total 667648K, used 337798K [0x00000006e0000000, 0x0000000800000000)
  region size 4096K, 8 young (32768K), 1 survivors (4096K)
 Metaspace       used 140849K, committed 141760K, reserved 1171456K
  class space    used 18598K, committed 19072K, reserved 1048576K
}
Event: 436.807 GC heap after
{Heap after GC invocations=103 (full 0):
 garbage-first heap   total 667648K, used 317344K [0x00000006e0000000, 0x0000000800000000)
  region size 4096K, 1 young (4096K), 1 survivors (4096K)
 Metaspace       used 140849K, committed 141760K, reserved 1171456K
  class space    used 18598K, committed 19072K, reserved 1048576K
}
Event: 436.982 GC heap before
{Heap before GC invocations=103 (full 0):
 garbage-first heap   total 667648K, used 346016K [0x00000006e0000000, 0x0000000800000000)
  region size 4096K, 8 young (32768K), 1 survivors (4096K)
 Metaspace       used 140851K, committed 141760K, reserved 1171456K
  class space    used 18598K, committed 19072K, reserved 1048576K
}
Event: 437.003 GC heap after
{Heap after GC invocations=104 (full 0):
 garbage-first heap   total 667648K, used 322919K [0x00000006e0000000, 0x0000000800000000)
  region size 4096K, 1 young (4096K), 1 survivors (4096K)
 Metaspace       used 140851K, committed 141760K, reserved 1171456K
  class space    used 18598K, committed 19072K, reserved 1048576K
}
Event: 438.094 GC heap before
{Heap before GC invocations=104 (full 0):
 garbage-first heap   total 667648K, used 351591K [0x00000006e0000000, 0x0000000800000000)
  region size 4096K, 8 young (32768K), 1 survivors (4096K)
 Metaspace       used 140921K, committed 141888K, reserved 1171456K
  class space    used 18610K, committed 19072K, reserved 1048576K
}
Event: 438.109 GC heap after
{Heap after GC invocations=105 (full 0):
 garbage-first heap   total 667648K, used 324886K [0x00000006e0000000, 0x0000000800000000)
  region size 4096K, 1 young (4096K), 1 survivors (4096K)
 Metaspace       used 140921K, committed 141888K, reserved 1171456K
  class space    used 18610K, committed 19072K, reserved 1048576K
}
Event: 438.887 GC heap before
{Heap before GC invocations=105 (full 0):
 garbage-first heap   total 667648K, used 353558K [0x00000006e0000000, 0x0000000800000000)
  region size 4096K, 8 young (32768K), 1 survivors (4096K)
 Metaspace       used 141172K, committed 142080K, reserved 1179648K
  class space    used 18649K, committed 19072K, reserved 1048576K
}
Event: 438.924 GC heap after
{Heap after GC invocations=106 (full 0):
 garbage-first heap   total 667648K, used 330342K [0x00000006e0000000, 0x0000000800000000)
  region size 4096K, 1 young (4096K), 1 survivors (4096K)
 Metaspace       used 141172K, committed 142080K, reserved 1179648K
  class space    used 18649K, committed 19072K, reserved 1048576K
}
Event: 442.436 GC heap before
{Heap before GC invocations=106 (full 0):
 garbage-first heap   total 667648K, used 363110K [0x00000006e0000000, 0x0000000800000000)
  region size 4096K, 10 young (40960K), 1 survivors (4096K)
 Metaspace       used 141559K, committed 142464K, reserved 1179648K
  class space    used 18697K, committed 19136K, reserved 1048576K
}

Dll operation events (3 events):
Event: 0.448 Loaded shared library C:\Program Files\Android\Android Studio\jbr\bin\java.dll
Event: 5.488 Loaded shared library C:\Program Files\Android\Android Studio\jbr\bin\zip.dll
Event: 11.320 Loaded shared library C:\Program Files\Android\Android Studio\jbr\bin\verify.dll

Deoptimization events (20 events):
Event: 442.016 Thread 0x000001b47b344bd0 Uncommon trap: trap_request=0xffffff45 fr.pc=0x000001b45e7f2c4c relative=0x000000000000040c
Event: 442.016 Thread 0x000001b47b344bd0 Uncommon trap: reason=unstable_if action=reinterpret pc=0x000001b45e7f2c4c method=com.sun.org.apache.xerces.internal.impl.XMLEntityScanner.normalizeNewlines(SLcom/sun/org/apache/xerces/internal/xni/XMLString;ZZLcom/sun/org/apache/xerces/internal/impl/XMLS
Event: 442.016 Thread 0x000001b47b344bd0 DEOPT PACKING pc=0x000001b45e7f2c4c sp=0x0000004cc6bfbbf0
Event: 442.016 Thread 0x000001b47b344bd0 DEOPT UNPACKING pc=0x000001b45e2069a3 sp=0x0000004cc6bfbb68 mode 2
Event: 442.026 Thread 0x000001b47b344bd0 Uncommon trap: trap_request=0xffffffde fr.pc=0x000001b45fadb414 relative=0x0000000000005954
Event: 442.027 Thread 0x000001b47b344bd0 Uncommon trap: reason=class_check action=maybe_recompile pc=0x000001b45fadb414 method=org.gradle.internal.snapshot.impl.AbstractValueProcessor.processValue(Ljava/lang/Object;Lorg/gradle/internal/snapshot/impl/AbstractValueProcessor$ValueVisitor;)Ljava/lan
Event: 442.027 Thread 0x000001b47b344bd0 DEOPT PACKING pc=0x000001b45fadb414 sp=0x0000004cc6bfd1b0
Event: 442.027 Thread 0x000001b47b344bd0 DEOPT UNPACKING pc=0x000001b45e2069a3 sp=0x0000004cc6bfd1c0 mode 2
Event: 442.065 Thread 0x000001b47b344bd0 Uncommon trap: trap_request=0xffffffc6 fr.pc=0x000001b45fb1a374 relative=0x0000000000002214
Event: 442.065 Thread 0x000001b47b344bd0 Uncommon trap: reason=bimorphic_or_optimized_type_check action=maybe_recompile pc=0x000001b45fb1a374 method=org.gradle.internal.fingerprint.impl.DefaultCurrentFileCollectionFingerprint.from(Lorg/gradle/internal/snapshot/FileSystemSnapshot;Lorg/gradle/inte
Event: 442.065 Thread 0x000001b47b344bd0 DEOPT PACKING pc=0x000001b45fb1a374 sp=0x0000004cc6bfd180
Event: 442.065 Thread 0x000001b47b344bd0 DEOPT UNPACKING pc=0x000001b45e2069a3 sp=0x0000004cc6bfd1a8 mode 2
Event: 442.088 Thread 0x000001b47b344bd0 Uncommon trap: trap_request=0xffffff45 fr.pc=0x000001b45f706540 relative=0x00000000000006a0
Event: 442.088 Thread 0x000001b47b344bd0 Uncommon trap: reason=unstable_if action=reinterpret pc=0x000001b45f706540 method=org.gradle.internal.file.FilePathUtil.sizeOfCommonPrefix(Ljava/lang/String;Ljava/lang/String;IC)I @ 97 c2
Event: 442.088 Thread 0x000001b47b344bd0 DEOPT PACKING pc=0x000001b45f706540 sp=0x0000004cc6bfbf70
Event: 442.089 Thread 0x000001b47b344bd0 DEOPT UNPACKING pc=0x000001b45e2069a3 sp=0x0000004cc6bfbef0 mode 2
Event: 442.136 Thread 0x000001b47b344bd0 Uncommon trap: trap_request=0xffffffc6 fr.pc=0x000001b45eaa58c4 relative=0x0000000000000364
Event: 442.136 Thread 0x000001b47b344bd0 Uncommon trap: reason=bimorphic_or_optimized_type_check action=maybe_recompile pc=0x000001b45eaa58c4 method=java.util.ArrayList$ArrayListSpliterator.tryAdvance(Ljava/util/function/Consumer;)Z @ 48 c2
Event: 442.136 Thread 0x000001b47b344bd0 DEOPT PACKING pc=0x000001b45eaa58c4 sp=0x0000004cc6bfad60
Event: 442.136 Thread 0x000001b47b344bd0 DEOPT UNPACKING pc=0x000001b45e2069a3 sp=0x0000004cc6bfacf0 mode 2

Classes unloaded (6 events):
Event: 120.235 Thread 0x000001b472c407c0 Unloading class 0x0000000800dacc00 'java/lang/invoke/LambdaForm$DMH+0x0000000800dacc00'
Event: 126.105 Thread 0x000001b472c407c0 Unloading class 0x0000000800f60c00 'java/lang/invoke/LambdaForm$DMH+0x0000000800f60c00'
Event: 126.105 Thread 0x000001b472c407c0 Unloading class 0x0000000800f60400 'java/lang/invoke/LambdaForm$DMH+0x0000000800f60400'
Event: 126.105 Thread 0x000001b472c407c0 Unloading class 0x0000000800ee0000 'java/lang/invoke/LambdaForm$DMH+0x0000000800ee0000'
Event: 126.105 Thread 0x000001b472c407c0 Unloading class 0x0000000800ee0400 'java/lang/invoke/LambdaForm$DMH+0x0000000800ee0400'
Event: 126.105 Thread 0x000001b472c407c0 Unloading class 0x0000000800ee0800 'java/lang/invoke/LambdaForm$DMH+0x0000000800ee0800'

Classes redefined (0 events):
No events

Internal exceptions (20 events):
Event: 436.728 Thread 0x000001b47b0ce050 Exception <a 'sun/nio/fs/WindowsException'{0x0000000707f24c40}> (0x0000000707f24c40) 
thrown [s\src\hotspot\share\prims\jni.cpp, line 517]
Event: 436.767 Thread 0x000001b47b276d60 Exception <a 'sun/nio/fs/WindowsException'{0x000000070725ca20}> (0x000000070725ca20) 
thrown [s\src\hotspot\share\prims\jni.cpp, line 517]
Event: 436.788 Thread 0x000001b47b0ce050 Exception <a 'sun/nio/fs/WindowsException'{0x000000070739f020}> (0x000000070739f020) 
thrown [s\src\hotspot\share\prims\jni.cpp, line 517]
Event: 436.809 Thread 0x000001b47b276d60 Exception <a 'sun/nio/fs/WindowsException'{0x0000000708877170}> (0x0000000708877170) 
thrown [s\src\hotspot\share\prims\jni.cpp, line 517]
Event: 436.813 Thread 0x000001b47b0ce050 Exception <a 'sun/nio/fs/WindowsException'{0x000000070893fe70}> (0x000000070893fe70) 
thrown [s\src\hotspot\share\prims\jni.cpp, line 517]
Event: 436.871 Thread 0x000001b47b0ce050 Exception <a 'sun/nio/fs/WindowsException'{0x0000000708946b08}> (0x0000000708946b08) 
thrown [s\src\hotspot\share\prims\jni.cpp, line 517]
Event: 436.891 Thread 0x000001b47b276d60 Exception <a 'sun/nio/fs/WindowsException'{0x0000000707f80ab0}> (0x0000000707f80ab0) 
thrown [s\src\hotspot\share\prims\jni.cpp, line 517]
Event: 438.057 Thread 0x000001b47b274bb0 Exception <a 'java/lang/NoSuchMethodError'{0x0000000707381740}: 'java.lang.Object java.lang.invoke.DirectMethodHandle$Holder.invokeVirtual(java.lang.Object, java.lang.Object, int)'> (0x0000000707381740) 
thrown [s\src\hotspot\share\interpreter\linkResolver.cpp, line 771]
Event: 438.312 Thread 0x000001b47b3450a0 Exception <a 'sun/nio/fs/WindowsException'{0x0000000708505f18}> (0x0000000708505f18) 
thrown [s\src\hotspot\share\prims\jni.cpp, line 517]
Event: 438.476 Thread 0x000001b47b0ce050 Exception <a 'sun/nio/fs/WindowsException'{0x00000007087bf1d0}> (0x00000007087bf1d0) 
thrown [s\src\hotspot\share\prims\jni.cpp, line 517]
Event: 439.261 Thread 0x000001b47b0ce050 Exception <a 'sun/nio/fs/WindowsException'{0x0000000707777160}> (0x0000000707777160) 
thrown [s\src\hotspot\share\prims\jni.cpp, line 517]
Event: 439.287 Thread 0x000001b47b0ce520 Exception <a 'sun/nio/fs/WindowsException'{0x00000007081c0470}> (0x00000007081c0470) 
thrown [s\src\hotspot\share\prims\jni.cpp, line 517]
Event: 439.465 Thread 0x000001b47b0ce520 Exception <a 'sun/nio/fs/WindowsException'{0x0000000706960d48}> (0x0000000706960d48) 
thrown [s\src\hotspot\share\prims\jni.cpp, line 517]
Event: 440.916 Thread 0x000001b47b344bd0 Exception <a 'sun/nio/fs/WindowsException'{0x000000070660c4f0}> (0x000000070660c4f0) 
thrown [s\src\hotspot\share\prims\jni.cpp, line 517]
Event: 440.916 Thread 0x000001b47b344bd0 Exception <a 'sun/nio/fs/WindowsException'{0x000000070660e550}> (0x000000070660e550) 
thrown [s\src\hotspot\share\prims\jni.cpp, line 517]
Event: 440.917 Thread 0x000001b47b344bd0 Exception <a 'sun/nio/fs/WindowsException'{0x0000000706610170}> (0x0000000706610170) 
thrown [s\src\hotspot\share\prims\jni.cpp, line 517]
Event: 442.105 Thread 0x000001b47b344bd0 Exception <a 'sun/nio/fs/WindowsException'{0x00000007067527b0}> (0x00000007067527b0) 
thrown [s\src\hotspot\share\prims\jni.cpp, line 517]
Event: 442.106 Thread 0x000001b47b344bd0 Exception <a 'sun/nio/fs/WindowsException'{0x0000000706754e20}> (0x0000000706754e20) 
thrown [s\src\hotspot\share\prims\jni.cpp, line 517]
Event: 442.108 Thread 0x000001b47b344bd0 Exception <a 'sun/nio/fs/WindowsException'{0x0000000706754eb0}> (0x0000000706754eb0) 
thrown [s\src\hotspot\share\prims\jni.cpp, line 517]
Event: 442.108 Thread 0x000001b47b344bd0 Exception <a 'sun/nio/fs/WindowsException'{0x00000007067552d0}> (0x00000007067552d0) 
thrown [s\src\hotspot\share\prims\jni.cpp, line 517]

VM Operations (20 events):
Event: 437.234 Executing VM operation: HandshakeAllThreads done
Event: 438.093 Executing VM operation: G1CollectForAllocation
Event: 438.109 Executing VM operation: G1CollectForAllocation done
Event: 438.274 Executing VM operation: HandshakeAllThreads
Event: 438.274 Executing VM operation: HandshakeAllThreads done
Event: 438.278 Executing VM operation: HandshakeAllThreads
Event: 438.278 Executing VM operation: HandshakeAllThreads done
Event: 438.354 Executing VM operation: HandshakeAllThreads
Event: 438.354 Executing VM operation: HandshakeAllThreads done
Event: 438.362 Executing VM operation: HandshakeAllThreads
Event: 438.362 Executing VM operation: HandshakeAllThreads done
Event: 438.521 Executing VM operation: HandshakeAllThreads
Event: 438.524 Executing VM operation: HandshakeAllThreads done
Event: 438.854 Executing VM operation: G1CollectForAllocation
Event: 438.926 Executing VM operation: G1CollectForAllocation done
Event: 439.904 Executing VM operation: HandshakeAllThreads
Event: 439.914 Executing VM operation: HandshakeAllThreads done
Event: 440.914 Executing VM operation: Cleanup
Event: 440.916 Executing VM operation: Cleanup done
Event: 442.435 Executing VM operation: G1CollectForAllocation

Events (20 events):
Event: 440.059 Thread 0x000001b472cae2e0 flushing nmethod 0x000001b459253a90
Event: 440.059 Thread 0x000001b472cae2e0 flushing nmethod 0x000001b459253f90
Event: 440.059 Thread 0x000001b472cae2e0 flushing nmethod 0x000001b459255410
Event: 440.059 Thread 0x000001b472cae2e0 flushing nmethod 0x000001b459255790
Event: 440.059 Thread 0x000001b472cae2e0 flushing nmethod 0x000001b459257f90
Event: 440.059 Thread 0x000001b472cae2e0 flushing nmethod 0x000001b459258790
Event: 440.059 Thread 0x000001b472cae2e0 flushing nmethod 0x000001b459258e90
Event: 440.059 Thread 0x000001b472cae2e0 flushing nmethod 0x000001b45925a010
Event: 440.059 Thread 0x000001b472cae2e0 flushing nmethod 0x000001b45925be10
Event: 441.431 Thread 0x000001b47b0d1ee0 Thread exited: 0x000001b47b0d1ee0
Event: 441.807 loading class com/sun/org/apache/xerces/internal/util/URI
Event: 441.948 loading class com/sun/org/apache/xerces/internal/util/URI done
Event: 441.949 loading class java/net/HttpURLConnection
Event: 441.973 loading class java/net/HttpURLConnection done
Event: 441.974 loading class sun/net/ProgressMonitor
Event: 441.985 loading class sun/net/ProgressMonitor done
Event: 441.985 loading class sun/net/DefaultProgressMeteringPolicy
Event: 441.986 loading class sun/net/ProgressMeteringPolicy
Event: 441.986 loading class sun/net/ProgressMeteringPolicy done
Event: 441.987 loading class sun/net/DefaultProgressMeteringPolicy done


Dynamic libraries:
0x00007ff6b4520000 - 0x00007ff6b452a000 	C:\Program Files\Android\Android Studio\jbr\bin\java.exe
0x00007ffaaf6d0000 - 0x00007ffaaf8e7000 	C:\WINDOWS\SYSTEM32\ntdll.dll
0x00007ffa86810000 - 0x00007ffa86829000 	C:\Program Files\Avast Software\Avast\aswhook.dll
0x00007ffaaddf0000 - 0x00007ffaadeb4000 	C:\WINDOWS\System32\KERNEL32.DLL
0x00007ffaad070000 - 0x00007ffaad415000 	C:\WINDOWS\System32\KERNELBASE.dll
0x00007ffaacc80000 - 0x00007ffaacd91000 	C:\WINDOWS\System32\ucrtbase.dll
0x00007ffa7f2d0000 - 0x00007ffa7f2e7000 	C:\Program Files\Android\Android Studio\jbr\bin\jli.dll
0x00007ffaad420000 - 0x00007ffaad5ce000 	C:\WINDOWS\System32\USER32.dll
0x00007ffaacc50000 - 0x00007ffaacc76000 	C:\WINDOWS\System32\win32u.dll
0x00007ffaae340000 - 0x00007ffaae369000 	C:\WINDOWS\System32\GDI32.dll
0x00007ffa7b9c0000 - 0x00007ffa7b9db000 	C:\Program Files\Android\Android Studio\jbr\bin\VCRUNTIME140.dll
0x00007ffaacab0000 - 0x00007ffaacbc9000 	C:\WINDOWS\System32\gdi32full.dll
0x00007ffaacfd0000 - 0x00007ffaad06a000 	C:\WINDOWS\System32\msvcp_win.dll
0x00007ffa8fed0000 - 0x00007ffa90163000 	C:\WINDOWS\WinSxS\amd64_microsoft.windows.common-controls_6595b64144ccf1df_6.0.22621.2506_none_270c5ae97388e100\COMCTL32.dll
0x00007ffaae380000 - 0x00007ffaae427000 	C:\WINDOWS\System32\msvcrt.dll
0x00007ffaadec0000 - 0x00007ffaadef1000 	C:\WINDOWS\System32\IMM32.DLL
0x00007ffa9b3e0000 - 0x00007ffa9b3ec000 	C:\Program Files\Android\Android Studio\jbr\bin\vcruntime140_1.dll
0x00007ffa595d0000 - 0x00007ffa5965d000 	C:\Program Files\Android\Android Studio\jbr\bin\msvcp140.dll
0x00007ff9f6f60000 - 0x00007ff9f7bce000 	C:\Program Files\Android\Android Studio\jbr\bin\server\jvm.dll
0x00007ffaae970000 - 0x00007ffaaea21000 	C:\WINDOWS\System32\ADVAPI32.dll
0x00007ffaadc20000 - 0x00007ffaadcc6000 	C:\WINDOWS\System32\sechost.dll
0x00007ffaadf00000 - 0x00007ffaae017000 	C:\WINDOWS\System32\RPCRT4.dll
0x00007ffa9c360000 - 0x00007ffa9c369000 	C:\WINDOWS\SYSTEM32\WSOCK32.dll
0x00007ffaad700000 - 0x00007ffaad771000 	C:\WINDOWS\System32\WS2_32.dll
0x00007ffaa41b0000 - 0x00007ffaa41e4000 	C:\WINDOWS\SYSTEM32\WINMM.dll
0x00007ffaa6670000 - 0x00007ffaa667a000 	C:\WINDOWS\SYSTEM32\VERSION.dll
0x00007ffaaba40000 - 0x00007ffaaba58000 	C:\WINDOWS\SYSTEM32\kernel.appcore.dll
0x00007ffa9b390000 - 0x00007ffa9b39a000 	C:\Program Files\Android\Android Studio\jbr\bin\jimage.dll
0x00007ffa9fce0000 - 0x00007ffa9ff13000 	C:\WINDOWS\SYSTEM32\DBGHELP.DLL
0x00007ffaaea90000 - 0x00007ffaaee19000 	C:\WINDOWS\System32\combase.dll
0x00007ffaae020000 - 0x00007ffaae0f7000 	C:\WINDOWS\System32\OLEAUT32.dll
0x00007ffa9ef00000 - 0x00007ffa9ef32000 	C:\WINDOWS\SYSTEM32\dbgcore.DLL
0x00007ffaacbd0000 - 0x00007ffaacc4a000 	C:\WINDOWS\System32\bcryptPrimitives.dll
0x00007ffa84050000 - 0x00007ffa8405e000 	C:\Program Files\Android\Android Studio\jbr\bin\instrument.dll
0x00007ffa9b160000 - 0x00007ffa9b185000 	C:\Program Files\Android\Android Studio\jbr\bin\java.dll
0x00007ffa9afe0000 - 0x00007ffa9aff8000 	C:\Program Files\Android\Android Studio\jbr\bin\zip.dll
0x00007ffaaee20000 - 0x00007ffaaf679000 	C:\WINDOWS\System32\SHELL32.dll
0x00007ffaaa960000 - 0x00007ffaab254000 	C:\WINDOWS\SYSTEM32\windows.storage.dll
0x00007ffaaa820000 - 0x00007ffaaa95e000 	C:\WINDOWS\SYSTEM32\wintypes.dll
0x00007ffaae640000 - 0x00007ffaae733000 	C:\WINDOWS\System32\SHCORE.dll
0x00007ffaaea30000 - 0x00007ffaaea8e000 	C:\WINDOWS\System32\shlwapi.dll
0x00007ffaac970000 - 0x00007ffaac996000 	C:\WINDOWS\SYSTEM32\profapi.dll
0x00007ffa946a0000 - 0x00007ffa946b9000 	C:\Program Files\Android\Android Studio\jbr\bin\net.dll
0x00007ffaa3ec0000 - 0x00007ffaa3ff7000 	C:\WINDOWS\SYSTEM32\WINHTTP.dll
0x00007ffaabec0000 - 0x00007ffaabf29000 	C:\WINDOWS\system32\mswsock.dll
0x00007ffa874e0000 - 0x00007ffa874f6000 	C:\Program Files\Android\Android Studio\jbr\bin\nio.dll
0x00007ffa9b290000 - 0x00007ffa9b2a0000 	C:\Program Files\Android\Android Studio\jbr\bin\verify.dll
0x00007ffa61230000 - 0x00007ffa61257000 	C:\Users\LENOVO\.gradle\native\c067742578af261105cb4f569cf0c3c89f3d7b1fecec35dd04571415982c5e48\windows-amd64\native-platform.dll
0x00007ffa4f010000 - 0x00007ffa4f154000 	C:\Users\LENOVO\.gradle\native\38dada09dfb8b06ba9b0570ebf7e218e3eb74d4ef43ca46872605cf95ebc2f47\windows-amd64\native-platform-file-events.dll
0x00007ffa8a2e0000 - 0x00007ffa8a2e9000 	C:\Program Files\Android\Android Studio\jbr\bin\management.dll
0x00007ffa85c30000 - 0x00007ffa85c3b000 	C:\Program Files\Android\Android Studio\jbr\bin\management_ext.dll
0x00007ffaae580000 - 0x00007ffaae588000 	C:\WINDOWS\System32\PSAPI.DLL
0x00007ffaac110000 - 0x00007ffaac12b000 	C:\WINDOWS\SYSTEM32\CRYPTSP.dll
0x00007ffaab9a0000 - 0x00007ffaab9d5000 	C:\WINDOWS\system32\rsaenh.dll
0x00007ffaabfb0000 - 0x00007ffaabfdc000 	C:\WINDOWS\SYSTEM32\USERENV.dll
0x00007ffaac300000 - 0x00007ffaac328000 	C:\WINDOWS\SYSTEM32\bcrypt.dll
0x00007ffaac130000 - 0x00007ffaac13c000 	C:\WINDOWS\SYSTEM32\CRYPTBASE.dll
0x00007ffaab4c0000 - 0x00007ffaab4ed000 	C:\WINDOWS\SYSTEM32\IPHLPAPI.DLL
0x00007ffaae370000 - 0x00007ffaae379000 	C:\WINDOWS\System32\NSI.dll
0x00007ffaa4090000 - 0x00007ffaa40a9000 	C:\WINDOWS\SYSTEM32\dhcpcsvc6.DLL
0x00007ffaa3e20000 - 0x00007ffaa3e3f000 	C:\WINDOWS\SYSTEM32\dhcpcsvc.DLL
0x00007ffaab530000 - 0x00007ffaab629000 	C:\WINDOWS\SYSTEM32\DNSAPI.dll
0x00007ffa2fb70000 - 0x00007ffa2fb78000 	C:\WINDOWS\system32\wshunix.dll
0x00007ffa867f0000 - 0x00007ffa86807000 	C:\WINDOWS\system32\napinsp.dll
0x00007ffa867d0000 - 0x00007ffa867eb000 	C:\WINDOWS\system32\pnrpnsp.dll
0x00007ffa867b0000 - 0x00007ffa867c1000 	C:\WINDOWS\System32\winrnr.dll
0x00007ffaa1570000 - 0x00007ffaa1585000 	C:\WINDOWS\system32\wshbth.dll
0x00007ffa86690000 - 0x00007ffa866b1000 	C:\WINDOWS\system32\nlansp_c.dll
0x00007ffaa6580000 - 0x00007ffaa658a000 	C:\Windows\System32\rasadhlp.dll
0x00007ffaa1020000 - 0x00007ffaa10a3000 	C:\WINDOWS\System32\fwpuclnt.dll
0x00007ffaa9db0000 - 0x00007ffaa9e47000 	C:\WINDOWS\system32\apphelp.dll
0x00007ffa8aa50000 - 0x00007ffa8aa6e000 	C:\Users\LENOVO\AppData\Local\Temp\native-platform161066875980562902dir\native-platform.dll
0x00007ffa9b1a0000 - 0x00007ffa9b1a7000 	C:\Program Files\Android\Android Studio\jbr\bin\rmi.dll

dbghelp: loaded successfully - version: 4.0.5 - missing functions: none
symbol engine: initialized successfully - sym options: 0x614 - pdb path: .;C:\Program Files\Android\Android Studio\jbr\bin;C:\WINDOWS\SYSTEM32;C:\Program Files\Avast Software\Avast;C:\WINDOWS\WinSxS\amd64_microsoft.windows.common-controls_6595b64144ccf1df_6.0.22621.2506_none_270c5ae97388e100;C:\Program Files\Android\Android Studio\jbr\bin\server;C:\Users\LENOVO\.gradle\native\c067742578af261105cb4f569cf0c3c89f3d7b1fecec35dd04571415982c5e48\windows-amd64;C:\Users\LENOVO\.gradle\native\38dada09dfb8b06ba9b0570ebf7e218e3eb74d4ef43ca46872605cf95ebc2f47\windows-amd64;C:\Users\LENOVO\AppData\Local\Temp\native-platform161066875980562902dir

VM Arguments:
jvm_args: --add-opens=java.base/java.util=ALL-UNNAMED --add-opens=java.base/java.lang=ALL-UNNAMED --add-opens=java.base/java.lang.invoke=ALL-UNNAMED --add-opens=java.prefs/java.util.prefs=ALL-UNNAMED --add-opens=java.base/java.nio.charset=ALL-UNNAMED --add-opens=java.base/java.net=ALL-UNNAMED --add-opens=java.base/java.util.concurrent.atomic=ALL-UNNAMED -Xmx4608m -Dfile.encoding=UTF-8 -Duser.country=ID -Duser.language=id -Duser.variant -javaagent:C:\Users\LENOVO\.gradle\wrapper\dists\gradle-8.4-bin\1w5dpkrfk8irigvoxmyhowfim\gradle-8.4\lib\agents\gradle-instrumentation-agent-8.4.jar 
java_command: org.gradle.launcher.daemon.bootstrap.GradleDaemon 8.4
java_class_path (initial): C:\Users\LENOVO\.gradle\wrapper\dists\gradle-8.4-bin\1w5dpkrfk8irigvoxmyhowfim\gradle-8.4\lib\gradle-launcher-8.4.jar
Launcher Type: SUN_STANDARD

[Global flags]
     intx CICompilerCount                          = 3                                         {product} {ergonomic}
     uint ConcGCThreads                            = 1                                         {product} {ergonomic}
     uint G1ConcRefinementThreads                  = 4                                         {product} {ergonomic}
   size_t G1HeapRegionSize                         = 4194304                                   {product} {ergonomic}
    uintx GCDrainStackTargetSize                   = 64                                        {product} {ergonomic}
   size_t InitialHeapSize                          = 58720256                                  {product} {ergonomic}
   size_t MarkStackSize                            = 4194304                                   {product} {ergonomic}
   size_t MaxHeapSize                              = 4831838208                                {product} {command line}
   size_t MaxNewSize                               = 2898264064                                {product} {ergonomic}
   size_t MinHeapDeltaBytes                        = 4194304                                   {product} {ergonomic}
   size_t MinHeapSize                              = 8388608                                   {product} {ergonomic}
    uintx NonNMethodCodeHeapSize                   = 5832780                                {pd product} {ergonomic}
    uintx NonProfiledCodeHeapSize                  = 122912730                              {pd product} {ergonomic}
    uintx ProfiledCodeHeapSize                     = 122912730                              {pd product} {ergonomic}
    uintx ReservedCodeCacheSize                    = 251658240                              {pd product} {ergonomic}
     bool SegmentedCodeCache                       = true                                      {product} {ergonomic}
   size_t SoftMaxHeapSize                          = 4831838208                             {manageable} {ergonomic}
     bool UseCompressedClassPointers               = true                           {product lp64_product} {ergonomic}
     bool UseCompressedOops                        = true                           {product lp64_product} {ergonomic}
     bool UseG1GC                                  = true                                      {product} {ergonomic}
     bool UseLargePagesIndividualAllocation        = false                                  {pd product} {ergonomic}

Logging:
Log output configuration:
 #0: stdout all=warning uptime,level,tags
 #1: stderr all=off uptime,level,tags

Environment Variables:
PATH=C:\Program Files (x86)\Common Files\Intel\Shared Files\cpp\bin\Intel64;C:\WINDOWS\system32;C:\WINDOWS;C:\WINDOWS\System32\Wbem;C:\WINDOWS\System32\WindowsPowerShell\v1.0\;C:\WINDOWS\System32\OpenSSH\;D:\Git\cmd;D:\Git\mingw64\bin;D:\Git\usr\bin;D:\dev\flutter\bin;C:\Users\LENOVO\AppData\Local\Microsoft\WindowsApps;;C:\Users\LENOVO\AppData\Local\Programs\Microsoft VS Code\bin
USERNAME=LENOVO
OS=Windows_NT
PROCESSOR_IDENTIFIER=AMD64 Family 23 Model 24 Stepping 1, AuthenticAMD
TMP=C:\Users\LENOVO\AppData\Local\Temp
TEMP=C:\Users\LENOVO\AppData\Local\Temp


JNI global refs:
JNI global refs: 26, weak refs: 0

JNI global refs memory usage: 843, weak refs: 841


---------------  S Y S T E M  ---------------

OS:
 Windows 11 , 64 bit Build 22621 (10.0.22621.2506)
OS uptime: 0 days 19:55 hours

CPU: total 4 (initial active 4) (4 cores per cpu, 2 threads per core) family 23 model 24 stepping 1 microcode 0x0, cx8, cmov, fxsr, ht, mmx, 3dnowpref, sse, sse2, sse3, ssse3, sse4a, sse4.1, sse4.2, popcnt, lzcnt, tsc, tscinvbit, avx, avx2, aes, clmul, bmi1, bmi2, adx, sha, fma, vzeroupper, clflush, clflushopt

Memory: 4k page, system-wide physical 3460M (133M free)
TotalPageFile size 14212M (AvailPageFile size 105M)
current process WorkingSet (physical memory assigned to process): 313M, peak: 676M
current process commit charge ("private bytes"): 1081M, peak: 1813M

vm_info: OpenJDK 64-Bit Server VM (17.0.6+0-b2043.56-10027231) for windows-amd64 JRE (17.0.6+0-b2043.56-10027231), built on Apr 28 2023 00:43:19 by "androidbuild" with MS VC++ 16.10 / 16.11 (VS2019)

END.
